<?xml version="1.0" encoding="UTF-8"?>
<!-- Generated by org.testng.reporters.JUnitReportReporter -->
<testsuite hostname="LAPTOP-HE3IJ9BH" failures="0" tests="1" name="TestDrive.BookingTest" time="18.113" errors="0" timestamp="2023-09-02T15:55:00 IST" skipped="0">
  <testcase classname="TestDrive.BookingTest" name="Booking" time="18.113"/>
  <system-out/>
</testsuite> <!-- TestDrive.BookingTest -->
